0 info it worked if it ends with ok
1 verbose cli [ '/home/sourav/.nvm/versions/node/v5.9.1/bin/node',
1 verbose cli   '/home/sourav/.nvm/versions/node/v5.9.1/bin/npm',
1 verbose cli   'install',
1 verbose cli   '-g',
1 verbose cli   'hotel',
1 verbose cli   '--verbose' ]
2 info using npm@3.7.3
3 info using node@v5.9.1
4 silly loadCurrentTree Starting
5 silly install loadCurrentTree
6 silly install readGlobalPackageData
7 silly fetchPackageMetaData hotel
8 silly fetchNamedPackageData hotel
9 silly mapToRegistry name hotel
10 silly mapToRegistry using default registry
11 silly mapToRegistry registry https://registry.npmjs.org/
12 silly mapToRegistry uri https://registry.npmjs.org/hotel
13 verbose request uri https://registry.npmjs.org/hotel
14 verbose request no auth needed
15 info attempt registry request try #1 at 4:47:03 PM
16 verbose request id 6d4849e8a5249496
17 http request GET https://registry.npmjs.org/hotel
18 info retry will retry, error on last attempt: Error: tunneling socket could not be established, cause=write EPROTO 139834003343168:error:140770FC:SSL routines:SSL23_GET_SERVER_HELLO:unknown protocol:../deps/openssl/openssl/ssl/s23_clnt.c:794:
19 info attempt registry request try #2 at 4:47:13 PM
20 http request GET https://registry.npmjs.org/hotel
21 info retry will retry, error on last attempt: Error: tunneling socket could not be established, cause=write EPROTO 139834003343168:error:140770FC:SSL routines:SSL23_GET_SERVER_HELLO:unknown protocol:../deps/openssl/openssl/ssl/s23_clnt.c:794:
22 info attempt registry request try #3 at 4:48:14 PM
23 http request GET https://registry.npmjs.org/hotel
24 silly fetchPackageMetaData Error: tunneling socket could not be established, cause=write EPROTO 139834003343168:error:140770FC:SSL routines:SSL23_GET_SERVER_HELLO:unknown protocol:../deps/openssl/openssl/ssl/s23_clnt.c:794:
24 silly fetchPackageMetaData
24 silly fetchPackageMetaData     at ClientRequest.onError (/home/sourav/.nvm/versions/node/v5.9.1/lib/node_modules/npm/node_modules/request/node_modules/tunnel-agent/index.js:176:17)
24 silly fetchPackageMetaData     at ClientRequest.g (events.js:273:16)
24 silly fetchPackageMetaData     at emitOne (events.js:90:13)
24 silly fetchPackageMetaData     at ClientRequest.emit (events.js:182:7)
24 silly fetchPackageMetaData     at TLSSocket.socketErrorListener (_http_client.js:295:9)
24 silly fetchPackageMetaData     at emitOne (events.js:90:13)
24 silly fetchPackageMetaData     at TLSSocket.emit (events.js:182:7)
24 silly fetchPackageMetaData     at onwriteError (_stream_writable.js:313:10)
24 silly fetchPackageMetaData     at onwrite (_stream_writable.js:331:5)
24 silly fetchPackageMetaData     at WritableState.onwrite (_stream_writable.js:89:5)
24 silly fetchPackageMetaData  error for hotel { [Error: tunneling socket could not be established, cause=write EPROTO 139834003343168:error:140770FC:SSL routines:SSL23_GET_SERVER_HELLO:unknown protocol:../deps/openssl/openssl/ssl/s23_clnt.c:794:
24 silly fetchPackageMetaData ] code: 'ECONNRESET' }
25 silly rollbackFailedOptional Starting
26 silly rollbackFailedOptional Finishing
27 silly runTopLevelLifecycles Starting
28 silly runTopLevelLifecycles Finishing
29 silly install printInstalled
30 verbose stack Error: tunneling socket could not be established, cause=write EPROTO 139834003343168:error:140770FC:SSL routines:SSL23_GET_SERVER_HELLO:unknown protocol:../deps/openssl/openssl/ssl/s23_clnt.c:794:
30 verbose stack
30 verbose stack     at ClientRequest.onError (/home/sourav/.nvm/versions/node/v5.9.1/lib/node_modules/npm/node_modules/request/node_modules/tunnel-agent/index.js:176:17)
30 verbose stack     at ClientRequest.g (events.js:273:16)
30 verbose stack     at emitOne (events.js:90:13)
30 verbose stack     at ClientRequest.emit (events.js:182:7)
30 verbose stack     at TLSSocket.socketErrorListener (_http_client.js:295:9)
30 verbose stack     at emitOne (events.js:90:13)
30 verbose stack     at TLSSocket.emit (events.js:182:7)
30 verbose stack     at onwriteError (_stream_writable.js:313:10)
30 verbose stack     at onwrite (_stream_writable.js:331:5)
30 verbose stack     at WritableState.onwrite (_stream_writable.js:89:5)
31 verbose cwd /home/sourav/project/grader-mongoid
32 error Linux 4.2.0-16-generic
33 error argv "/home/sourav/.nvm/versions/node/v5.9.1/bin/node" "/home/sourav/.nvm/versions/node/v5.9.1/bin/npm" "install" "-g" "hotel" "--verbose"
34 error node v5.9.1
35 error npm  v3.7.3
36 error code ECONNRESET
37 error network tunneling socket could not be established, cause=write EPROTO 139834003343168:error:140770FC:SSL routines:SSL23_GET_SERVER_HELLO:unknown protocol:../deps/openssl/openssl/ssl/s23_clnt.c:794:
38 error network This is most likely not a problem with npm itself
38 error network and is related to network connectivity.
38 error network In most cases you are behind a proxy or have bad network settings.
38 error network
38 error network If you are behind a proxy, please make sure that the
38 error network 'proxy' config is set properly.  See: 'npm help config'
39 verbose exit [ 1, true ]
